<?xml version="1.0" encoding="UTF-8"?>
<!-- Generated by org.testng.reporters.JUnitXMLReporter -->
<testsuite hostname="DINU" ignored="0" name="Surefire test" tests="11" failures="3" timestamp="17 Mar 2021 17:54:07 GMT" time="0.397" errors="0">
  <testcase name="boy" time="0.009" classname="com.first.Ignore_Test"/>
  <testcase name="employe" time="0.001" classname="com.first.Ignore_Test"/>
  <testcase name="girl" time="0.0" classname="com.first.Ignore_Test"/>
  <testcase name="chroe" time="0.296" classname="com.first.Parallel_Test">
    <failure type="java.lang.IllegalStateException" message="The driver executable does not exist: C:\Users\Mani\eclipse-workspace\Maven_Project\driver\chromedriver.exe">
      <![CDATA[java.lang.IllegalStateException: The driver executable does not exist: C:\Users\Mani\eclipse-workspace\Maven_Project\driver\chromedriver.exe
at com.google.common.base.Preconditions.checkState(Preconditions.java:585)
at org.openqa.selenium.remote.service.DriverService.checkExecutable(DriverService.java:146)
at org.openqa.selenium.remote.service.DriverService.findExecutable(DriverService.java:141)
at org.openqa.selenium.chrome.ChromeDriverService.access$000(ChromeDriverService.java:35)
at org.openqa.selenium.chrome.ChromeDriverService$Builder.findDefaultExecutable(ChromeDriverService.java:159)
at org.openqa.selenium.remote.service.DriverService$Builder.build(DriverService.java:355)
at org.openqa.selenium.chrome.ChromeDriverService.createDefaultService(ChromeDriverService.java:94)
at org.openqa.selenium.chrome.ChromeDriver.<init>(ChromeDriver.java:123)
at com.first.Parallel_Test.chroe(Parallel_Test.java:11)
... Removed 30 stack frames]]>
    </failure>
  </testcase> <!-- chroe -->
  <testcase name="face" time="0.004" classname="com.first.Parallel_Test">
    <failure type="java.lang.IllegalStateException" message="The driver executable does not exist: C:\Users\Mani\eclipse-workspace\Maven_Project\driver\chromedriver.exe">
      <![CDATA[java.lang.IllegalStateException: The driver executable does not exist: C:\Users\Mani\eclipse-workspace\Maven_Project\driver\chromedriver.exe
at com.google.common.base.Preconditions.checkState(Preconditions.java:585)
at org.openqa.selenium.remote.service.DriverService.checkExecutable(DriverService.java:146)
at org.openqa.selenium.remote.service.DriverService.findExecutable(DriverService.java:141)
at org.openqa.selenium.chrome.ChromeDriverService.access$000(ChromeDriverService.java:35)
at org.openqa.selenium.chrome.ChromeDriverService$Builder.findDefaultExecutable(ChromeDriverService.java:159)
at org.openqa.selenium.remote.service.DriverService$Builder.build(DriverService.java:355)
at org.openqa.selenium.chrome.ChromeDriverService.createDefaultService(ChromeDriverService.java:94)
at org.openqa.selenium.chrome.ChromeDriver.<init>(ChromeDriver.java:123)
at com.first.Parallel_Test.face(Parallel_Test.java:17)
... Removed 30 stack frames]]>
    </failure>
  </testcase> <!-- face -->
  <testcase name="youtube" time="0.006" classname="com.first.Parallel_Test">
    <failure type="java.lang.IllegalStateException" message="The driver executable does not exist: C:\Users\Mani\eclipse-workspace\Maven_Project\driver\chromedriver.exe">
      <![CDATA[java.lang.IllegalStateException: The driver executable does not exist: C:\Users\Mani\eclipse-workspace\Maven_Project\driver\chromedriver.exe
at com.google.common.base.Preconditions.checkState(Preconditions.java:585)
at org.openqa.selenium.remote.service.DriverService.checkExecutable(DriverService.java:146)
at org.openqa.selenium.remote.service.DriverService.findExecutable(DriverService.java:141)
at org.openqa.selenium.chrome.ChromeDriverService.access$000(ChromeDriverService.java:35)
at org.openqa.selenium.chrome.ChromeDriverService$Builder.findDefaultExecutable(ChromeDriverService.java:159)
at org.openqa.selenium.remote.service.DriverService$Builder.build(DriverService.java:355)
at org.openqa.selenium.chrome.ChromeDriverService.createDefaultService(ChromeDriverService.java:94)
at org.openqa.selenium.chrome.ChromeDriver.<init>(ChromeDriver.java:123)
at com.first.Parallel_Test.youtube(Parallel_Test.java:23)
... Removed 30 stack frames]]>
    </failure>
  </testcase> <!-- youtube -->
  <testcase name="launch" time="0.0" classname="com.first.Priority_Test"/>
  <testcase name="login" time="0.0" classname="com.first.Priority_Test"/>
  <testcase name="logout" time="0.0" classname="com.first.Priority_Test"/>
  <testcase name="searchLaptop" time="0.0" classname="com.first.Priority_Test"/>
  <testcase name="searchMobiles" time="0.0" classname="com.first.Priority_Test"/>
</testsuite> <!-- Surefire test -->
